<?xml version="1.0" encoding="UTF-8"?><testsuite name="kubetest2" failures="0" tests="1" time="109.5401644">
    <testcase name="Test" classname="kubetest2" time="109.5393046"></testcase>
</testsuite>